<?xml version="1.0" encoding="UTF-8"?>
<testng-results ignored="0" total="3" passed="3" failed="0" skipped="0">
  <reporter-output>
  </reporter-output>
  <suite started-at="2023-04-11T18:32:04Z" name="Suite" finished-at="2023-04-11T18:32:16Z" duration-ms="11243">
    <groups>
    </groups>
    <test started-at="2023-04-11T18:32:04Z" name="Test" finished-at="2023-04-11T18:32:16Z" duration-ms="11243">
      <class name="Test_JDBC.NewTestNg">
        <test-method is-config="true" signature="beforeClass()[pri:0, instance:Test_JDBC.NewTestNg@3c153a1]" started-at="2023-04-11T18:32:04Z" name="beforeClass" finished-at="2023-04-11T18:32:04Z" duration-ms="9" status="PASS">
          <reporter-output>
          </reporter-output>
        </test-method> <!-- beforeClass -->
        <test-method signature="Test()[pri:0, instance:Test_JDBC.NewTestNg@3c153a1]" started-at="2023-04-11T18:32:04Z" name="Test" finished-at="2023-04-11T18:32:10Z" duration-ms="5980" status="PASS">
          <reporter-output>
          </reporter-output>
        </test-method> <!-- Test -->
        <test-method signature="Test1()[pri:0, instance:Test_JDBC.NewTestNg@3c153a1]" started-at="2023-04-11T18:32:10Z" name="Test1" finished-at="2023-04-11T18:32:13Z" duration-ms="2479" status="PASS">
          <reporter-output>
          </reporter-output>
        </test-method> <!-- Test1 -->
        <test-method signature="Test2()[pri:0, instance:Test_JDBC.NewTestNg@3c153a1]" started-at="2023-04-11T18:32:13Z" name="Test2" finished-at="2023-04-11T18:32:16Z" duration-ms="2758" status="PASS">
          <reporter-output>
          </reporter-output>
        </test-method> <!-- Test2 -->
        <test-method is-config="true" signature="afterClass()[pri:0, instance:Test_JDBC.NewTestNg@3c153a1]" started-at="2023-04-11T18:32:16Z" name="afterClass" finished-at="2023-04-11T18:32:16Z" duration-ms="0" status="PASS">
          <reporter-output>
          </reporter-output>
        </test-method> <!-- afterClass -->
      </class> <!-- Test_JDBC.NewTestNg -->
    </test> <!-- Test -->
  </suite> <!-- Suite -->
</testng-results>
