<?xml version="1.0" encoding="UTF-8"?>
<testng-results ignored="0" total="3" passed="3" failed="0" skipped="0">
  <reporter-output>
  </reporter-output>
  <suite started-at="2023-04-11T13:56:17Z" name="Suite" finished-at="2023-04-11T13:56:25Z" duration-ms="8448">
    <groups>
    </groups>
    <test started-at="2023-04-11T13:56:17Z" name="Test" finished-at="2023-04-11T13:56:25Z" duration-ms="8448">
      <class name="Test_JDBC.NewTestNg">
        <test-method is-config="true" signature="beforeClass()[pri:0, instance:Test_JDBC.NewTestNg@2ddc8ecb]" started-at="2023-04-11T13:56:17Z" name="beforeClass" finished-at="2023-04-11T13:56:17Z" duration-ms="8" status="PASS">
          <reporter-output>
          </reporter-output>
        </test-method> <!-- beforeClass -->
        <test-method signature="Test()[pri:0, instance:Test_JDBC.NewTestNg@2ddc8ecb]" started-at="2023-04-11T13:56:17Z" name="Test" finished-at="2023-04-11T13:56:20Z" duration-ms="3241" status="PASS">
          <reporter-output>
          </reporter-output>
        </test-method> <!-- Test -->
        <test-method signature="Test1()[pri:0, instance:Test_JDBC.NewTestNg@2ddc8ecb]" started-at="2023-04-11T13:56:20Z" name="Test1" finished-at="2023-04-11T13:56:23Z" duration-ms="2429" status="PASS">
          <reporter-output>
          </reporter-output>
        </test-method> <!-- Test1 -->
        <test-method signature="Test2()[pri:0, instance:Test_JDBC.NewTestNg@2ddc8ecb]" started-at="2023-04-11T13:56:23Z" name="Test2" finished-at="2023-04-11T13:56:25Z" duration-ms="2749" status="PASS">
          <reporter-output>
          </reporter-output>
        </test-method> <!-- Test2 -->
        <test-method is-config="true" signature="afterClass()[pri:0, instance:Test_JDBC.NewTestNg@2ddc8ecb]" started-at="2023-04-11T13:56:25Z" name="afterClass" finished-at="2023-04-11T13:56:25Z" duration-ms="0" status="PASS">
          <reporter-output>
          </reporter-output>
        </test-method> <!-- afterClass -->
      </class> <!-- Test_JDBC.NewTestNg -->
    </test> <!-- Test -->
  </suite> <!-- Suite -->
</testng-results>
